{
  "/Users/alberto/Repositories/bloom-frontend/components/crisp/utils/createCrispProfileData.ts": {
    "path": "/Users/alberto/Repositories/bloom-frontend/components/crisp/utils/createCrispProfileData.ts",
    "statementMap": {
      "0": {
        "start": {
          "line": 5,
          "column": 26
        },
        "end": {
          "line": 10,
          "column": 1
        }
      },
      "1": {
        "start": {
          "line": 6,
          "column": 2
        },
        "end": {
          "line": 9,
          "column": 21
        }
      },
      "2": {
        "start": {
          "line": 8,
          "column": 33
        },
        "end": {
          "line": 8,
          "column": 61
        }
      },
      "3": {
        "start": {
          "line": 12,
          "column": 31
        },
        "end": {
          "line": 14,
          "column": 1
        }
      },
      "4": {
        "start": {
          "line": 13,
          "column": 2
        },
        "end": {
          "line": 13,
          "column": 51
        }
      },
      "5": {
        "start": {
          "line": 16,
          "column": 32
        },
        "end": {
          "line": 18,
          "column": 1
        }
      },
      "6": {
        "start": {
          "line": 17,
          "column": 2
        },
        "end": {
          "line": 17,
          "column": 77
        }
      },
      "7": {
        "start": {
          "line": 20,
          "column": 38
        },
        "end": {
          "line": 80,
          "column": 1
        }
      },
      "8": {
        "start": {
          "line": 24,
          "column": 37
        },
        "end": {
          "line": 27,
          "column": 3
        }
      },
      "9": {
        "start": {
          "line": 26,
          "column": 32
        },
        "end": {
          "line": 26,
          "column": 47
        }
      },
      "10": {
        "start": {
          "line": 28,
          "column": 45
        },
        "end": {
          "line": 31,
          "column": 3
        }
      },
      "11": {
        "start": {
          "line": 30,
          "column": 64
        },
        "end": {
          "line": 30,
          "column": 82
        }
      },
      "12": {
        "start": {
          "line": 32,
          "column": 44
        },
        "end": {
          "line": 35,
          "column": 3
        }
      },
      "13": {
        "start": {
          "line": 34,
          "column": 35
        },
        "end": {
          "line": 34,
          "column": 52
        }
      },
      "14": {
        "start": {
          "line": 36,
          "column": 60
        },
        "end": {
          "line": 39,
          "column": 3
        }
      },
      "15": {
        "start": {
          "line": 38,
          "column": 32
        },
        "end": {
          "line": 38,
          "column": 59
        }
      },
      "16": {
        "start": {
          "line": 38,
          "column": 78
        },
        "end": {
          "line": 38,
          "column": 83
        }
      },
      "17": {
        "start": {
          "line": 40,
          "column": 59
        },
        "end": {
          "line": 43,
          "column": 3
        }
      },
      "18": {
        "start": {
          "line": 42,
          "column": 32
        },
        "end": {
          "line": 42,
          "column": 58
        }
      },
      "19": {
        "start": {
          "line": 42,
          "column": 77
        },
        "end": {
          "line": 42,
          "column": 82
        }
      },
      "20": {
        "start": {
          "line": 45,
          "column": 21
        },
        "end": {
          "line": 70,
          "column": 8
        }
      },
      "21": {
        "start": {
          "line": 46,
          "column": 21
        },
        "end": {
          "line": 46,
          "column": 36
        }
      },
      "22": {
        "start": {
          "line": 47,
          "column": 22
        },
        "end": {
          "line": 47,
          "column": 50
        }
      },
      "23": {
        "start": {
          "line": 48,
          "column": 43
        },
        "end": {
          "line": 51,
          "column": 5
        }
      },
      "24": {
        "start": {
          "line": 52,
          "column": 31
        },
        "end": {
          "line": 52,
          "column": 85
        }
      },
      "25": {
        "start": {
          "line": 53,
          "column": 46
        },
        "end": {
          "line": 59,
          "column": 5
        }
      },
      "26": {
        "start": {
          "line": 56,
          "column": 29
        },
        "end": {
          "line": 56,
          "column": 47
        }
      },
      "27": {
        "start": {
          "line": 57,
          "column": 20
        },
        "end": {
          "line": 57,
          "column": 26
        }
      },
      "28": {
        "start": {
          "line": 60,
          "column": 33
        },
        "end": {
          "line": 60,
          "column": 89
        }
      },
      "29": {
        "start": {
          "line": 61,
          "column": 48
        },
        "end": {
          "line": 67,
          "column": 5
        }
      },
      "30": {
        "start": {
          "line": 64,
          "column": 29
        },
        "end": {
          "line": 64,
          "column": 48
        }
      },
      "31": {
        "start": {
          "line": 65,
          "column": 26
        },
        "end": {
          "line": 65,
          "column": 38
        }
      },
      "32": {
        "start": {
          "line": 69,
          "column": 4
        },
        "end": {
          "line": 69,
          "column": 83
        }
      },
      "33": {
        "start": {
          "line": 72,
          "column": 2
        },
        "end": {
          "line": 79,
          "column": 4
        }
      }
    },
    "fnMap": {
      "0": {
        "name": "(anonymous_0)",
        "decl": {
          "start": {
            "line": 5,
            "column": 26
          },
          "end": {
            "line": 5,
            "column": 27
          }
        },
        "loc": {
          "start": {
            "line": 5,
            "column": 44
          },
          "end": {
            "line": 10,
            "column": 1
          }
        },
        "line": 5
      },
      "1": {
        "name": "(anonymous_1)",
        "decl": {
          "start": {
            "line": 8,
            "column": 12
          },
          "end": {
            "line": 8,
            "column": 13
          }
        },
        "loc": {
          "start": {
            "line": 8,
            "column": 33
          },
          "end": {
            "line": 8,
            "column": 61
          }
        },
        "line": 8
      },
      "2": {
        "name": "(anonymous_2)",
        "decl": {
          "start": {
            "line": 12,
            "column": 31
          },
          "end": {
            "line": 12,
            "column": 32
          }
        },
        "loc": {
          "start": {
            "line": 12,
            "column": 55
          },
          "end": {
            "line": 14,
            "column": 1
          }
        },
        "line": 12
      },
      "3": {
        "name": "(anonymous_3)",
        "decl": {
          "start": {
            "line": 16,
            "column": 32
          },
          "end": {
            "line": 16,
            "column": 33
          }
        },
        "loc": {
          "start": {
            "line": 16,
            "column": 81
          },
          "end": {
            "line": 18,
            "column": 1
          }
        },
        "line": 16
      },
      "4": {
        "name": "(anonymous_4)",
        "decl": {
          "start": {
            "line": 20,
            "column": 38
          },
          "end": {
            "line": 20,
            "column": 39
          }
        },
        "loc": {
          "start": {
            "line": 23,
            "column": 44
          },
          "end": {
            "line": 80,
            "column": 1
          }
        },
        "line": 23
      },
      "5": {
        "name": "(anonymous_5)",
        "decl": {
          "start": {
            "line": 26,
            "column": 24
          },
          "end": {
            "line": 26,
            "column": 25
          }
        },
        "loc": {
          "start": {
            "line": 26,
            "column": 32
          },
          "end": {
            "line": 26,
            "column": 47
          }
        },
        "line": 26
      },
      "6": {
        "name": "(anonymous_6)",
        "decl": {
          "start": {
            "line": 30,
            "column": 56
          },
          "end": {
            "line": 30,
            "column": 57
          }
        },
        "loc": {
          "start": {
            "line": 30,
            "column": 64
          },
          "end": {
            "line": 30,
            "column": 82
          }
        },
        "line": 30
      },
      "7": {
        "name": "(anonymous_7)",
        "decl": {
          "start": {
            "line": 34,
            "column": 27
          },
          "end": {
            "line": 34,
            "column": 28
          }
        },
        "loc": {
          "start": {
            "line": 34,
            "column": 35
          },
          "end": {
            "line": 34,
            "column": 52
          }
        },
        "line": 34
      },
      "8": {
        "name": "(anonymous_8)",
        "decl": {
          "start": {
            "line": 38,
            "column": 24
          },
          "end": {
            "line": 38,
            "column": 25
          }
        },
        "loc": {
          "start": {
            "line": 38,
            "column": 32
          },
          "end": {
            "line": 38,
            "column": 59
          }
        },
        "line": 38
      },
      "9": {
        "name": "(anonymous_9)",
        "decl": {
          "start": {
            "line": 38,
            "column": 68
          },
          "end": {
            "line": 38,
            "column": 69
          }
        },
        "loc": {
          "start": {
            "line": 38,
            "column": 78
          },
          "end": {
            "line": 38,
            "column": 83
          }
        },
        "line": 38
      },
      "10": {
        "name": "(anonymous_10)",
        "decl": {
          "start": {
            "line": 42,
            "column": 24
          },
          "end": {
            "line": 42,
            "column": 25
          }
        },
        "loc": {
          "start": {
            "line": 42,
            "column": 32
          },
          "end": {
            "line": 42,
            "column": 58
          }
        },
        "line": 42
      },
      "11": {
        "name": "(anonymous_11)",
        "decl": {
          "start": {
            "line": 42,
            "column": 67
          },
          "end": {
            "line": 42,
            "column": 68
          }
        },
        "loc": {
          "start": {
            "line": 42,
            "column": 77
          },
          "end": {
            "line": 42,
            "column": 82
          }
        },
        "line": 42
      },
      "12": {
        "name": "(anonymous_12)",
        "decl": {
          "start": {
            "line": 45,
            "column": 55
          },
          "end": {
            "line": 45,
            "column": 56
          }
        },
        "loc": {
          "start": {
            "line": 45,
            "column": 85
          },
          "end": {
            "line": 70,
            "column": 3
          }
        },
        "line": 45
      },
      "13": {
        "name": "(anonymous_13)",
        "decl": {
          "start": {
            "line": 56,
            "column": 16
          },
          "end": {
            "line": 56,
            "column": 17
          }
        },
        "loc": {
          "start": {
            "line": 56,
            "column": 29
          },
          "end": {
            "line": 56,
            "column": 47
          }
        },
        "line": 56
      },
      "14": {
        "name": "(anonymous_14)",
        "decl": {
          "start": {
            "line": 57,
            "column": 13
          },
          "end": {
            "line": 57,
            "column": 14
          }
        },
        "loc": {
          "start": {
            "line": 57,
            "column": 20
          },
          "end": {
            "line": 57,
            "column": 26
          }
        },
        "line": 57
      },
      "15": {
        "name": "(anonymous_15)",
        "decl": {
          "start": {
            "line": 64,
            "column": 16
          },
          "end": {
            "line": 64,
            "column": 17
          }
        },
        "loc": {
          "start": {
            "line": 64,
            "column": 29
          },
          "end": {
            "line": 64,
            "column": 48
          }
        },
        "line": 64
      },
      "16": {
        "name": "(anonymous_16)",
        "decl": {
          "start": {
            "line": 65,
            "column": 13
          },
          "end": {
            "line": 65,
            "column": 14
          }
        },
        "loc": {
          "start": {
            "line": 65,
            "column": 26
          },
          "end": {
            "line": 65,
            "column": 38
          }
        },
        "line": 65
      }
    },
    "branchMap": {
      "0": {
        "loc": {
          "start": {
            "line": 26,
            "column": 4
          },
          "end": {
            "line": 26,
            "column": 65
          }
        },
        "type": "binary-expr",
        "locations": [
          {
            "start": {
              "line": 26,
              "column": 4
            },
            "end": {
              "line": 26,
              "column": 59
            }
          },
          {
            "start": {
              "line": 26,
              "column": 63
            },
            "end": {
              "line": 26,
              "column": 65
            }
          }
        ],
        "line": 26
      },
      "1": {
        "loc": {
          "start": {
            "line": 30,
            "column": 4
          },
          "end": {
            "line": 30,
            "column": 90
          }
        },
        "type": "cond-expr",
        "locations": [
          {
            "start": {
              "line": 30,
              "column": 33
            },
            "end": {
              "line": 30,
              "column": 83
            }
          },
          {
            "start": {
              "line": 30,
              "column": 86
            },
            "end": {
              "line": 30,
              "column": 90
            }
          }
        ],
        "line": 30
      },
      "2": {
        "loc": {
          "start": {
            "line": 50,
            "column": 6
          },
          "end": {
            "line": 50,
            "column": 76
          }
        },
        "type": "cond-expr",
        "locations": [
          {
            "start": {
              "line": 50,
              "column": 25
            },
            "end": {
              "line": 50,
              "column": 50
            }
          },
          {
            "start": {
              "line": 50,
              "column": 53
            },
            "end": {
              "line": 50,
              "column": 76
            }
          }
        ],
        "line": 50
      }
    },
    "s": {
      "0": 2,
      "1": 3,
      "2": 12,
      "3": 2,
      "4": 1,
      "5": 2,
      "6": 2,
      "7": 2,
      "8": 1,
      "9": 0,
      "10": 1,
      "11": 0,
      "12": 1,
      "13": 0,
      "14": 1,
      "15": 0,
      "16": 0,
      "17": 1,
      "18": 0,
      "19": 0,
      "20": 1,
      "21": 1,
      "22": 1,
      "23": 1,
      "24": 1,
      "25": 1,
      "26": 1,
      "27": 1,
      "28": 1,
      "29": 1,
      "30": 1,
      "31": 0,
      "32": 1,
      "33": 1
    },
    "f": {
      "0": 3,
      "1": 12,
      "2": 1,
      "3": 2,
      "4": 1,
      "5": 0,
      "6": 0,
      "7": 0,
      "8": 0,
      "9": 0,
      "10": 0,
      "11": 0,
      "12": 1,
      "13": 1,
      "14": 1,
      "15": 1,
      "16": 0
    },
    "b": {
      "0": [1, 1],
      "1": [0, 1],
      "2": [0, 1]
    },
    "_coverageSchema": "1a1c01bbd47fc00a2c39e90264f33305004495a9",
    "hash": "937dda996f1b6051afb14624f8de67fbcd5f7182"
  },
  "/Users/alberto/Repositories/bloom-frontend/components/crisp/CrispScript.tsx": {
    "path": "/Users/alberto/Repositories/bloom-frontend/components/crisp/CrispScript.tsx",
    "statementMap": {
      "0": {
        "start": {
          "line": 9,
          "column": 20
        },
        "end": {
          "line": 97,
          "column": 1
        }
      },
      "1": {
        "start": {
          "line": 10,
          "column": 24
        },
        "end": {
          "line": 10,
          "column": 73
        }
      },
      "2": {
        "start": {
          "line": 10,
          "column": 52
        },
        "end": {
          "line": 10,
          "column": 72
        }
      },
      "3": {
        "start": {
          "line": 11,
          "column": 20
        },
        "end": {
          "line": 11,
          "column": 65
        }
      },
      "4": {
        "start": {
          "line": 11,
          "column": 48
        },
        "end": {
          "line": 11,
          "column": 64
        }
      },
      "5": {
        "start": {
          "line": 12,
          "column": 27
        },
        "end": {
          "line": 12,
          "column": 79
        }
      },
      "6": {
        "start": {
          "line": 12,
          "column": 55
        },
        "end": {
          "line": 12,
          "column": 78
        }
      },
      "7": {
        "start": {
          "line": 13,
          "column": 26
        },
        "end": {
          "line": 13,
          "column": 76
        }
      },
      "8": {
        "start": {
          "line": 13,
          "column": 54
        },
        "end": {
          "line": 13,
          "column": 75
        }
      },
      "9": {
        "start": {
          "line": 14,
          "column": 23
        },
        "end": {
          "line": 14,
          "column": 70
        }
      },
      "10": {
        "start": {
          "line": 14,
          "column": 51
        },
        "end": {
          "line": 14,
          "column": 69
        }
      },
      "11": {
        "start": {
          "line": 15,
          "column": 18
        },
        "end": {
          "line": 15,
          "column": 60
        }
      },
      "12": {
        "start": {
          "line": 15,
          "column": 46
        },
        "end": {
          "line": 15,
          "column": 59
        }
      },
      "13": {
        "start": {
          "line": 17,
          "column": 17
        },
        "end": {
          "line": 17,
          "column": 28
        }
      },
      "14": {
        "start": {
          "line": 19,
          "column": 24
        },
        "end": {
          "line": 19,
          "column": 86
        }
      },
      "15": {
        "start": {
          "line": 21,
          "column": 2
        },
        "end": {
          "line": 46,
          "column": 9
        }
      },
      "16": {
        "start": {
          "line": 22,
          "column": 4
        },
        "end": {
          "line": 24,
          "column": 5
        }
      },
      "17": {
        "start": {
          "line": 23,
          "column": 6
        },
        "end": {
          "line": 23,
          "column": 50
        }
      },
      "18": {
        "start": {
          "line": 25,
          "column": 4
        },
        "end": {
          "line": 31,
          "column": 7
        }
      },
      "19": {
        "start": {
          "line": 29,
          "column": 8
        },
        "end": {
          "line": 29,
          "column": 52
        }
      },
      "20": {
        "start": {
          "line": 32,
          "column": 4
        },
        "end": {
          "line": 38,
          "column": 7
        }
      },
      "21": {
        "start": {
          "line": 36,
          "column": 8
        },
        "end": {
          "line": 36,
          "column": 51
        }
      },
      "22": {
        "start": {
          "line": 39,
          "column": 4
        },
        "end": {
          "line": 45,
          "column": 7
        }
      },
      "23": {
        "start": {
          "line": 43,
          "column": 8
        },
        "end": {
          "line": 43,
          "column": 46
        }
      },
      "24": {
        "start": {
          "line": 48,
          "column": 2
        },
        "end": {
          "line": 72,
          "column": 62
        }
      },
      "25": {
        "start": {
          "line": 50,
          "column": 6
        },
        "end": {
          "line": 52,
          "column": 89
        }
      },
      "26": {
        "start": {
          "line": 52,
          "column": 50
        },
        "end": {
          "line": 52,
          "column": 88
        }
      },
      "27": {
        "start": {
          "line": 53,
          "column": 4
        },
        "end": {
          "line": 71,
          "column": 5
        }
      },
      "28": {
        "start": {
          "line": 54,
          "column": 6
        },
        "end": {
          "line": 54,
          "column": 56
        }
      },
      "29": {
        "start": {
          "line": 55,
          "column": 6
        },
        "end": {
          "line": 55,
          "column": 59
        }
      },
      "30": {
        "start": {
          "line": 56,
          "column": 6
        },
        "end": {
          "line": 56,
          "column": 70
        }
      },
      "31": {
        "start": {
          "line": 58,
          "column": 8
        },
        "end": {
          "line": 60,
          "column": 22
        }
      },
      "32": {
        "start": {
          "line": 59,
          "column": 40
        },
        "end": {
          "line": 59,
          "column": 69
        }
      },
      "33": {
        "start": {
          "line": 61,
          "column": 6
        },
        "end": {
          "line": 61,
          "column": 75
        }
      },
      "34": {
        "start": {
          "line": 62,
          "column": 6
        },
        "end": {
          "line": 66,
          "column": 9
        }
      },
      "35": {
        "start": {
          "line": 68,
          "column": 6
        },
        "end": {
          "line": 68,
          "column": 55
        }
      },
      "36": {
        "start": {
          "line": 70,
          "column": 6
        },
        "end": {
          "line": 70,
          "column": 55
        }
      },
      "37": {
        "start": {
          "line": 74,
          "column": 25
        },
        "end": {
          "line": 74,
          "column": 57
        }
      },
      "38": {
        "start": {
          "line": 76,
          "column": 2
        },
        "end": {
          "line": 96,
          "column": 4
        }
      }
    },
    "fnMap": {
      "0": {
        "name": "(anonymous_0)",
        "decl": {
          "start": {
            "line": 9,
            "column": 20
          },
          "end": {
            "line": 9,
            "column": 21
          }
        },
        "loc": {
          "start": {
            "line": 9,
            "column": 26
          },
          "end": {
            "line": 97,
            "column": 1
          }
        },
        "line": 9
      },
      "1": {
        "name": "(anonymous_1)",
        "decl": {
          "start": {
            "line": 10,
            "column": 41
          },
          "end": {
            "line": 10,
            "column": 42
          }
        },
        "loc": {
          "start": {
            "line": 10,
            "column": 52
          },
          "end": {
            "line": 10,
            "column": 72
          }
        },
        "line": 10
      },
      "2": {
        "name": "(anonymous_2)",
        "decl": {
          "start": {
            "line": 11,
            "column": 37
          },
          "end": {
            "line": 11,
            "column": 38
          }
        },
        "loc": {
          "start": {
            "line": 11,
            "column": 48
          },
          "end": {
            "line": 11,
            "column": 64
          }
        },
        "line": 11
      },
      "3": {
        "name": "(anonymous_3)",
        "decl": {
          "start": {
            "line": 12,
            "column": 44
          },
          "end": {
            "line": 12,
            "column": 45
          }
        },
        "loc": {
          "start": {
            "line": 12,
            "column": 55
          },
          "end": {
            "line": 12,
            "column": 78
          }
        },
        "line": 12
      },
      "4": {
        "name": "(anonymous_4)",
        "decl": {
          "start": {
            "line": 13,
            "column": 43
          },
          "end": {
            "line": 13,
            "column": 44
          }
        },
        "loc": {
          "start": {
            "line": 13,
            "column": 54
          },
          "end": {
            "line": 13,
            "column": 75
          }
        },
        "line": 13
      },
      "5": {
        "name": "(anonymous_5)",
        "decl": {
          "start": {
            "line": 14,
            "column": 40
          },
          "end": {
            "line": 14,
            "column": 41
          }
        },
        "loc": {
          "start": {
            "line": 14,
            "column": 51
          },
          "end": {
            "line": 14,
            "column": 69
          }
        },
        "line": 14
      },
      "6": {
        "name": "(anonymous_6)",
        "decl": {
          "start": {
            "line": 15,
            "column": 35
          },
          "end": {
            "line": 15,
            "column": 36
          }
        },
        "loc": {
          "start": {
            "line": 15,
            "column": 46
          },
          "end": {
            "line": 15,
            "column": 59
          }
        },
        "line": 15
      },
      "7": {
        "name": "(anonymous_7)",
        "decl": {
          "start": {
            "line": 21,
            "column": 12
          },
          "end": {
            "line": 21,
            "column": 13
          }
        },
        "loc": {
          "start": {
            "line": 21,
            "column": 18
          },
          "end": {
            "line": 46,
            "column": 3
          }
        },
        "line": 21
      },
      "8": {
        "name": "(anonymous_8)",
        "decl": {
          "start": {
            "line": 28,
            "column": 6
          },
          "end": {
            "line": 28,
            "column": 7
          }
        },
        "loc": {
          "start": {
            "line": 28,
            "column": 12
          },
          "end": {
            "line": 30,
            "column": 7
          }
        },
        "line": 28
      },
      "9": {
        "name": "(anonymous_9)",
        "decl": {
          "start": {
            "line": 35,
            "column": 6
          },
          "end": {
            "line": 35,
            "column": 7
          }
        },
        "loc": {
          "start": {
            "line": 35,
            "column": 12
          },
          "end": {
            "line": 37,
            "column": 7
          }
        },
        "line": 35
      },
      "10": {
        "name": "(anonymous_10)",
        "decl": {
          "start": {
            "line": 42,
            "column": 6
          },
          "end": {
            "line": 42,
            "column": 7
          }
        },
        "loc": {
          "start": {
            "line": 42,
            "column": 12
          },
          "end": {
            "line": 44,
            "column": 7
          }
        },
        "line": 42
      },
      "11": {
        "name": "(anonymous_11)",
        "decl": {
          "start": {
            "line": 48,
            "column": 12
          },
          "end": {
            "line": 48,
            "column": 13
          }
        },
        "loc": {
          "start": {
            "line": 48,
            "column": 18
          },
          "end": {
            "line": 72,
            "column": 3
          }
        },
        "line": 48
      },
      "12": {
        "name": "(anonymous_12)",
        "decl": {
          "start": {
            "line": 52,
            "column": 31
          },
          "end": {
            "line": 52,
            "column": 32
          }
        },
        "loc": {
          "start": {
            "line": 52,
            "column": 50
          },
          "end": {
            "line": 52,
            "column": 88
          }
        },
        "line": 52
      },
      "13": {
        "name": "(anonymous_13)",
        "decl": {
          "start": {
            "line": 59,
            "column": 32
          },
          "end": {
            "line": 59,
            "column": 33
          }
        },
        "loc": {
          "start": {
            "line": 59,
            "column": 40
          },
          "end": {
            "line": 59,
            "column": 69
          }
        },
        "line": 59
      }
    },
    "branchMap": {
      "0": {
        "loc": {
          "start": {
            "line": 22,
            "column": 4
          },
          "end": {
            "line": 24,
            "column": 5
          }
        },
        "type": "if",
        "locations": [
          {
            "start": {
              "line": 22,
              "column": 4
            },
            "end": {
              "line": 24,
              "column": 5
            }
          },
          {
            "start": {},
            "end": {}
          }
        ],
        "line": 22
      },
      "1": {
        "loc": {
          "start": {
            "line": 50,
            "column": 6
          },
          "end": {
            "line": 52,
            "column": 89
          }
        },
        "type": "cond-expr",
        "locations": [
          {
            "start": {
              "line": 51,
              "column": 10
            },
            "end": {
              "line": 51,
              "column": 14
            }
          },
          {
            "start": {
              "line": 52,
              "column": 10
            },
            "end": {
              "line": 52,
              "column": 89
            }
          }
        ],
        "line": 50
      },
      "2": {
        "loc": {
          "start": {
            "line": 53,
            "column": 4
          },
          "end": {
            "line": 71,
            "column": 5
          }
        },
        "type": "if",
        "locations": [
          {
            "start": {
              "line": 53,
              "column": 4
            },
            "end": {
              "line": 71,
              "column": 5
            }
          },
          {
            "start": {
              "line": 69,
              "column": 11
            },
            "end": {
              "line": 71,
              "column": 5
            }
          }
        ],
        "line": 53
      },
      "3": {
        "loc": {
          "start": {
            "line": 53,
            "column": 8
          },
          "end": {
            "line": 53,
            "column": 34
          }
        },
        "type": "binary-expr",
        "locations": [
          {
            "start": {
              "line": 53,
              "column": 8
            },
            "end": {
              "line": 53,
              "column": 17
            }
          },
          {
            "start": {
              "line": 53,
              "column": 21
            },
            "end": {
              "line": 53,
              "column": 34
            }
          }
        ],
        "line": 53
      },
      "4": {
        "loc": {
          "start": {
            "line": 58,
            "column": 8
          },
          "end": {
            "line": 60,
            "column": 22
          }
        },
        "type": "cond-expr",
        "locations": [
          {
            "start": {
              "line": 59,
              "column": 12
            },
            "end": {
              "line": 59,
              "column": 70
            }
          },
          {
            "start": {
              "line": 60,
              "column": 12
            },
            "end": {
              "line": 60,
              "column": 22
            }
          }
        ],
        "line": 58
      },
      "5": {
        "loc": {
          "start": {
            "line": 84,
            "column": 25
          },
          "end": {
            "line": 84,
            "column": 68
          }
        },
        "type": "cond-expr",
        "locations": [
          {
            "start": {
              "line": 84,
              "column": 41
            },
            "end": {
              "line": 84,
              "column": 61
            }
          },
          {
            "start": {
              "line": 84,
              "column": 64
            },
            "end": {
              "line": 84,
              "column": 68
            }
          }
        ],
        "line": 84
      }
    },
    "s": {
      "0": 2,
      "1": 12,
      "2": 33,
      "3": 12,
      "4": 33,
      "5": 12,
      "6": 33,
      "7": 12,
      "8": 33,
      "9": 12,
      "10": 33,
      "11": 12,
      "12": 33,
      "13": 12,
      "14": 12,
      "15": 12,
      "16": 4,
      "17": 0,
      "18": 4,
      "19": 0,
      "20": 4,
      "21": 0,
      "22": 4,
      "23": 0,
      "24": 12,
      "25": 5,
      "26": 0,
      "27": 5,
      "28": 1,
      "29": 1,
      "30": 1,
      "31": 1,
      "32": 0,
      "33": 1,
      "34": 1,
      "35": 1,
      "36": 4,
      "37": 12,
      "38": 12
    },
    "f": {
      "0": 12,
      "1": 33,
      "2": 33,
      "3": 33,
      "4": 33,
      "5": 33,
      "6": 33,
      "7": 4,
      "8": 0,
      "9": 0,
      "10": 0,
      "11": 5,
      "12": 0,
      "13": 0
    },
    "b": {
      "0": [0, 4],
      "1": [5, 0],
      "2": [1, 4],
      "3": [5, 1],
      "4": [0, 1],
      "5": [12, 0]
    },
    "_coverageSchema": "1a1c01bbd47fc00a2c39e90264f33305004495a9",
    "hash": "d83ab50b4d7a24b3510a0c017e81dd9d1951b51d"
  },
  "/Users/alberto/Repositories/bloom-frontend/components/common/Link.tsx": {
    "path": "/Users/alberto/Repositories/bloom-frontend/components/common/Link.tsx",
    "statementMap": {
      "0": {
        "start": {
          "line": 10,
          "column": 15
        },
        "end": {
          "line": 10,
          "column": 30
        }
      },
      "1": {
        "start": {
          "line": 26,
          "column": 32
        },
        "end": {
          "line": 45,
          "column": 1
        }
      },
      "2": {
        "start": {
          "line": 28,
          "column": 87
        },
        "end": {
          "line": 28,
          "column": 92
        }
      },
      "3": {
        "start": {
          "line": 30,
          "column": 4
        },
        "end": {
          "line": 43,
          "column": 6
        }
      },
      "4": {
        "start": {
          "line": 57,
          "column": 13
        },
        "end": {
          "line": 119,
          "column": 2
        }
      },
      "5": {
        "start": {
          "line": 66,
          "column": 6
        },
        "end": {
          "line": 66,
          "column": 11
        }
      },
      "6": {
        "start": {
          "line": 68,
          "column": 17
        },
        "end": {
          "line": 68,
          "column": 28
        }
      },
      "7": {
        "start": {
          "line": 69,
          "column": 19
        },
        "end": {
          "line": 69,
          "column": 66
        }
      },
      "8": {
        "start": {
          "line": 70,
          "column": 20
        },
        "end": {
          "line": 72,
          "column": 4
        }
      },
      "9": {
        "start": {
          "line": 75,
          "column": 4
        },
        "end": {
          "line": 75,
          "column": 93
        }
      },
      "10": {
        "start": {
          "line": 77,
          "column": 2
        },
        "end": {
          "line": 102,
          "column": 3
        }
      },
      "11": {
        "start": {
          "line": 78,
          "column": 29
        },
        "end": {
          "line": 85,
          "column": 6
        }
      },
      "12": {
        "start": {
          "line": 79,
          "column": 6
        },
        "end": {
          "line": 80,
          "column": 21
        }
      },
      "13": {
        "start": {
          "line": 80,
          "column": 8
        },
        "end": {
          "line": 80,
          "column": 21
        }
      },
      "14": {
        "start": {
          "line": 82,
          "column": 6
        },
        "end": {
          "line": 82,
          "column": 42
        }
      },
      "15": {
        "start": {
          "line": 84,
          "column": 6
        },
        "end": {
          "line": 84,
          "column": 52
        }
      },
      "16": {
        "start": {
          "line": 87,
          "column": 4
        },
        "end": {
          "line": 94,
          "column": 5
        }
      },
      "17": {
        "start": {
          "line": 88,
          "column": 6
        },
        "end": {
          "line": 93,
          "column": 8
        }
      },
      "18": {
        "start": {
          "line": 96,
          "column": 4
        },
        "end": {
          "line": 101,
          "column": 6
        }
      },
      "19": {
        "start": {
          "line": 104,
          "column": 2
        },
        "end": {
          "line": 106,
          "column": 3
        }
      },
      "20": {
        "start": {
          "line": 105,
          "column": 4
        },
        "end": {
          "line": 105,
          "column": 85
        }
      },
      "21": {
        "start": {
          "line": 108,
          "column": 2
        },
        "end": {
          "line": 118,
          "column": 4
        }
      }
    },
    "fnMap": {
      "0": {
        "name": "NextLinkComposed",
        "decl": {
          "start": {
            "line": 27,
            "column": 11
          },
          "end": {
            "line": 27,
            "column": 27
          }
        },
        "loc": {
          "start": {
            "line": 27,
            "column": 40
          },
          "end": {
            "line": 44,
            "column": 3
          }
        },
        "line": 27
      },
      "1": {
        "name": "Link",
        "decl": {
          "start": {
            "line": 57,
            "column": 69
          },
          "end": {
            "line": 57,
            "column": 73
          }
        },
        "loc": {
          "start": {
            "line": 57,
            "column": 86
          },
          "end": {
            "line": 119,
            "column": 1
          }
        },
        "line": 57
      },
      "2": {
        "name": "(anonymous_2)",
        "decl": {
          "start": {
            "line": 78,
            "column": 73
          },
          "end": {
            "line": 78,
            "column": 74
          }
        },
        "loc": {
          "start": {
            "line": 78,
            "column": 84
          },
          "end": {
            "line": 85,
            "column": 5
          }
        },
        "line": 78
      }
    },
    "branchMap": {
      "0": {
        "loc": {
          "start": {
            "line": 59,
            "column": 4
          },
          "end": {
            "line": 59,
            "column": 30
          }
        },
        "type": "default-arg",
        "locations": [
          {
            "start": {
              "line": 59,
              "column": 22
            },
            "end": {
              "line": 59,
              "column": 30
            }
          }
        ],
        "line": 59
      },
      "1": {
        "loc": {
          "start": {
            "line": 69,
            "column": 19
          },
          "end": {
            "line": 69,
            "column": 66
          }
        },
        "type": "cond-expr",
        "locations": [
          {
            "start": {
              "line": 69,
              "column": 46
            },
            "end": {
              "line": 69,
              "column": 50
            }
          },
          {
            "start": {
              "line": 69,
              "column": 53
            },
            "end": {
              "line": 69,
              "column": 66
            }
          }
        ],
        "line": 69
      },
      "2": {
        "loc": {
          "start": {
            "line": 71,
            "column": 23
          },
          "end": {
            "line": 71,
            "column": 70
          }
        },
        "type": "binary-expr",
        "locations": [
          {
            "start": {
              "line": 71,
              "column": 23
            },
            "end": {
              "line": 71,
              "column": 51
            }
          },
          {
            "start": {
              "line": 71,
              "column": 55
            },
            "end": {
              "line": 71,
              "column": 70
            }
          }
        ],
        "line": 71
      },
      "3": {
        "loc": {
          "start": {
            "line": 75,
            "column": 4
          },
          "end": {
            "line": 75,
            "column": 93
          }
        },
        "type": "binary-expr",
        "locations": [
          {
            "start": {
              "line": 75,
              "column": 4
            },
            "end": {
              "line": 75,
              "column": 28
            }
          },
          {
            "start": {
              "line": 75,
              "column": 33
            },
            "end": {
              "line": 75,
              "column": 59
            }
          },
          {
            "start": {
              "line": 75,
              "column": 63
            },
            "end": {
              "line": 75,
              "column": 92
            }
          }
        ],
        "line": 75
      },
      "4": {
        "loc": {
          "start": {
            "line": 77,
            "column": 2
          },
          "end": {
            "line": 102,
            "column": 3
          }
        },
        "type": "if",
        "locations": [
          {
            "start": {
              "line": 77,
              "column": 2
            },
            "end": {
              "line": 102,
              "column": 3
            }
          },
          {
            "start": {},
            "end": {}
          }
        ],
        "line": 77
      },
      "5": {
        "loc": {
          "start": {
            "line": 79,
            "column": 6
          },
          "end": {
            "line": 80,
            "column": 21
          }
        },
        "type": "if",
        "locations": [
          {
            "start": {
              "line": 79,
              "column": 6
            },
            "end": {
              "line": 80,
              "column": 21
            }
          },
          {
            "start": {},
            "end": {}
          }
        ],
        "line": 79
      },
      "6": {
        "loc": {
          "start": {
            "line": 79,
            "column": 10
          },
          "end": {
            "line": 79,
            "column": 88
          }
        },
        "type": "binary-expr",
        "locations": [
          {
            "start": {
              "line": 79,
              "column": 10
            },
            "end": {
              "line": 79,
              "column": 35
            }
          },
          {
            "start": {
              "line": 79,
              "column": 39
            },
            "end": {
              "line": 79,
              "column": 64
            }
          },
          {
            "start": {
              "line": 79,
              "column": 68
            },
            "end": {
              "line": 79,
              "column": 88
            }
          }
        ],
        "line": 79
      },
      "7": {
        "loc": {
          "start": {
            "line": 84,
            "column": 13
          },
          "end": {
            "line": 84,
            "column": 51
          }
        },
        "type": "binary-expr",
        "locations": [
          {
            "start": {
              "line": 84,
              "column": 13
            },
            "end": {
              "line": 84,
              "column": 30
            }
          },
          {
            "start": {
              "line": 84,
              "column": 34
            },
            "end": {
              "line": 84,
              "column": 51
            }
          }
        ],
        "line": 84
      },
      "8": {
        "loc": {
          "start": {
            "line": 87,
            "column": 4
          },
          "end": {
            "line": 94,
            "column": 5
          }
        },
        "type": "if",
        "locations": [
          {
            "start": {
              "line": 87,
              "column": 4
            },
            "end": {
              "line": 94,
              "column": 5
            }
          },
          {
            "start": {},
            "end": {}
          }
        ],
        "line": 87
      },
      "9": {
        "loc": {
          "start": {
            "line": 90,
            "column": 11
          },
          "end": {
            "line": 90,
            "column": 89
          }
        },
        "type": "binary-expr",
        "locations": [
          {
            "start": {
              "line": 90,
              "column": 11
            },
            "end": {
              "line": 90,
              "column": 28
            }
          },
          {
            "start": {
              "line": 90,
              "column": 32
            },
            "end": {
              "line": 90,
              "column": 89
            }
          }
        ],
        "line": 90
      },
      "10": {
        "loc": {
          "start": {
            "line": 98,
            "column": 9
          },
          "end": {
            "line": 98,
            "column": 87
          }
        },
        "type": "binary-expr",
        "locations": [
          {
            "start": {
              "line": 98,
              "column": 9
            },
            "end": {
              "line": 98,
              "column": 26
            }
          },
          {
            "start": {
              "line": 98,
              "column": 30
            },
            "end": {
              "line": 98,
              "column": 87
            }
          }
        ],
        "line": 98
      },
      "11": {
        "loc": {
          "start": {
            "line": 104,
            "column": 2
          },
          "end": {
            "line": 106,
            "column": 3
          }
        },
        "type": "if",
        "locations": [
          {
            "start": {
              "line": 104,
              "column": 2
            },
            "end": {
              "line": 106,
              "column": 3
            }
          },
          {
            "start": {},
            "end": {}
          }
        ],
        "line": 104
      }
    },
    "s": {
      "0": 2,
      "1": 2,
      "2": 152,
      "3": 152,
      "4": 2,
      "5": 190,
      "6": 190,
      "7": 190,
      "8": 190,
      "9": 190,
      "10": 190,
      "11": 118,
      "12": 126,
      "13": 50,
      "14": 76,
      "15": 76,
      "16": 118,
      "17": 0,
      "18": 118,
      "19": 72,
      "20": 0,
      "21": 72
    },
    "f": {
      "0": 152,
      "1": 190,
      "2": 126
    },
    "b": {
      "0": [190],
      "1": [190, 0],
      "2": [190, 6],
      "3": [190, 190, 72],
      "4": [118, 72],
      "5": [50, 76],
      "6": [126, 76, 76],
      "7": [76, 56],
      "8": [0, 118],
      "9": [0, 0],
      "10": [118, 62],
      "11": [0, 72]
    },
    "_coverageSchema": "1a1c01bbd47fc00a2c39e90264f33305004495a9",
    "hash": "b1520d2ca4541ec5114fcb768698214fe53f7408"
  },
  "/Users/alberto/Repositories/bloom-frontend/components/layout/Consent.tsx": {
    "path": "/Users/alberto/Repositories/bloom-frontend/components/layout/Consent.tsx",
    "statementMap": {
      "0": {
        "start": {
          "line": 13,
          "column": 16
        },
        "end": {
          "line": 131,
          "column": 1
        }
      },
      "1": {
        "start": {
          "line": 14,
          "column": 16
        },
        "end": {
          "line": 14,
          "column": 26
        }
      },
      "2": {
        "start": {
          "line": 15,
          "column": 24
        },
        "end": {
          "line": 15,
          "column": 73
        }
      },
      "3": {
        "start": {
          "line": 15,
          "column": 52
        },
        "end": {
          "line": 15,
          "column": 72
        }
      },
      "4": {
        "start": {
          "line": 16,
          "column": 26
        },
        "end": {
          "line": 16,
          "column": 76
        }
      },
      "5": {
        "start": {
          "line": 16,
          "column": 54
        },
        "end": {
          "line": 16,
          "column": 75
        }
      },
      "6": {
        "start": {
          "line": 17,
          "column": 23
        },
        "end": {
          "line": 17,
          "column": 70
        }
      },
      "7": {
        "start": {
          "line": 17,
          "column": 51
        },
        "end": {
          "line": 17,
          "column": 69
        }
      },
      "8": {
        "start": {
          "line": 18,
          "column": 24
        },
        "end": {
          "line": 18,
          "column": 86
        }
      },
      "9": {
        "start": {
          "line": 19,
          "column": 13
        },
        "end": {
          "line": 19,
          "column": 38
        }
      },
      "10": {
        "start": {
          "line": 20,
          "column": 25
        },
        "end": {
          "line": 20,
          "column": 68
        }
      },
      "11": {
        "start": {
          "line": 22,
          "column": 47
        },
        "end": {
          "line": 39,
          "column": 3
        }
      },
      "12": {
        "start": {
          "line": 40,
          "column": 28
        },
        "end": {
          "line": 43,
          "column": 3
        }
      },
      "13": {
        "start": {
          "line": 44,
          "column": 29
        },
        "end": {
          "line": 50,
          "column": 3
        }
      },
      "14": {
        "start": {
          "line": 52,
          "column": 24
        },
        "end": {
          "line": 60,
          "column": 3
        }
      },
      "15": {
        "start": {
          "line": 53,
          "column": 4
        },
        "end": {
          "line": 53,
          "column": 19
        }
      },
      "16": {
        "start": {
          "line": 55,
          "column": 4
        },
        "end": {
          "line": 58,
          "column": 7
        }
      },
      "17": {
        "start": {
          "line": 59,
          "column": 4
        },
        "end": {
          "line": 59,
          "column": 46
        }
      },
      "18": {
        "start": {
          "line": 61,
          "column": 23
        },
        "end": {
          "line": 69,
          "column": 3
        }
      },
      "19": {
        "start": {
          "line": 62,
          "column": 4
        },
        "end": {
          "line": 62,
          "column": 19
        }
      },
      "20": {
        "start": {
          "line": 64,
          "column": 4
        },
        "end": {
          "line": 67,
          "column": 7
        }
      },
      "21": {
        "start": {
          "line": 68,
          "column": 4
        },
        "end": {
          "line": 68,
          "column": 46
        }
      },
      "22": {
        "start": {
          "line": 71,
          "column": 2
        },
        "end": {
          "line": 130,
          "column": 4
        }
      }
    },
    "fnMap": {
      "0": {
        "name": "(anonymous_0)",
        "decl": {
          "start": {
            "line": 13,
            "column": 16
          },
          "end": {
            "line": 13,
            "column": 17
          }
        },
        "loc": {
          "start": {
            "line": 13,
            "column": 31
          },
          "end": {
            "line": 131,
            "column": 1
          }
        },
        "line": 13
      },
      "1": {
        "name": "(anonymous_1)",
        "decl": {
          "start": {
            "line": 15,
            "column": 41
          },
          "end": {
            "line": 15,
            "column": 42
          }
        },
        "loc": {
          "start": {
            "line": 15,
            "column": 52
          },
          "end": {
            "line": 15,
            "column": 72
          }
        },
        "line": 15
      },
      "2": {
        "name": "(anonymous_2)",
        "decl": {
          "start": {
            "line": 16,
            "column": 43
          },
          "end": {
            "line": 16,
            "column": 44
          }
        },
        "loc": {
          "start": {
            "line": 16,
            "column": 54
          },
          "end": {
            "line": 16,
            "column": 75
          }
        },
        "line": 16
      },
      "3": {
        "name": "(anonymous_3)",
        "decl": {
          "start": {
            "line": 17,
            "column": 40
          },
          "end": {
            "line": 17,
            "column": 41
          }
        },
        "loc": {
          "start": {
            "line": 17,
            "column": 51
          },
          "end": {
            "line": 17,
            "column": 69
          }
        },
        "line": 17
      },
      "4": {
        "name": "(anonymous_4)",
        "decl": {
          "start": {
            "line": 52,
            "column": 24
          },
          "end": {
            "line": 52,
            "column": 25
          }
        },
        "loc": {
          "start": {
            "line": 52,
            "column": 30
          },
          "end": {
            "line": 60,
            "column": 3
          }
        },
        "line": 52
      },
      "5": {
        "name": "(anonymous_5)",
        "decl": {
          "start": {
            "line": 61,
            "column": 23
          },
          "end": {
            "line": 61,
            "column": 24
          }
        },
        "loc": {
          "start": {
            "line": 61,
            "column": 29
          },
          "end": {
            "line": 69,
            "column": 3
          }
        },
        "line": 61
      }
    },
    "branchMap": {
      "0": {
        "loc": {
          "start": {
            "line": 27,
            "column": 10
          },
          "end": {
            "line": 27,
            "column": 62
          }
        },
        "type": "cond-expr",
        "locations": [
          {
            "start": {
              "line": 27,
              "column": 27
            },
            "end": {
              "line": 27,
              "column": 43
            }
          },
          {
            "start": {
              "line": 27,
              "column": 46
            },
            "end": {
              "line": 27,
              "column": 62
            }
          }
        ],
        "line": 27
      },
      "1": {
        "loc": {
          "start": {
            "line": 28,
            "column": 12
          },
          "end": {
            "line": 28,
            "column": 64
          }
        },
        "type": "cond-expr",
        "locations": [
          {
            "start": {
              "line": 28,
              "column": 29
            },
            "end": {
              "line": 28,
              "column": 45
            }
          },
          {
            "start": {
              "line": 28,
              "column": 48
            },
            "end": {
              "line": 28,
              "column": 64
            }
          }
        ],
        "line": 28
      },
      "2": {
        "loc": {
          "start": {
            "line": 35,
            "column": 17
          },
          "end": {
            "line": 35,
            "column": 69
          }
        },
        "type": "cond-expr",
        "locations": [
          {
            "start": {
              "line": 35,
              "column": 34
            },
            "end": {
              "line": 35,
              "column": 50
            }
          },
          {
            "start": {
              "line": 35,
              "column": 53
            },
            "end": {
              "line": 35,
              "column": 69
            }
          }
        ],
        "line": 35
      },
      "3": {
        "loc": {
          "start": {
            "line": 36,
            "column": 13
          },
          "end": {
            "line": 38,
            "column": 49
          }
        },
        "type": "cond-expr",
        "locations": [
          {
            "start": {
              "line": 37,
              "column": 8
            },
            "end": {
              "line": 37,
              "column": 49
            }
          },
          {
            "start": {
              "line": 38,
              "column": 8
            },
            "end": {
              "line": 38,
              "column": 49
            }
          }
        ],
        "line": 36
      }
    },
    "s": {
      "0": 2,
      "1": 12,
      "2": 12,
      "3": 30,
      "4": 12,
      "5": 30,
      "6": 12,
      "7": 30,
      "8": 12,
      "9": 12,
      "10": 12,
      "11": 12,
      "12": 12,
      "13": 12,
      "14": 12,
      "15": 0,
      "16": 0,
      "17": 0,
      "18": 12,
      "19": 0,
      "20": 0,
      "21": 0,
      "22": 12
    },
    "f": {
      "0": 12,
      "1": 30,
      "2": 30,
      "3": 30,
      "4": 0,
      "5": 0
    },
    "b": {
      "0": [0, 12],
      "1": [0, 12],
      "2": [0, 12],
      "3": [0, 12]
    },
    "_coverageSchema": "1a1c01bbd47fc00a2c39e90264f33305004495a9",
    "hash": "b1d7d522771687b8b407fe86a97d3b24c0cb2101"
  },
  "/Users/alberto/Repositories/bloom-frontend/components/layout/ErrorBoundary.tsx": {
    "path": "/Users/alberto/Repositories/bloom-frontend/components/layout/ErrorBoundary.tsx",
    "statementMap": {
      "0": {
        "start": {
          "line": 13,
          "column": 24
        },
        "end": {
          "line": 15,
          "column": 3
        }
      },
      "1": {
        "start": {
          "line": 18,
          "column": 4
        },
        "end": {
          "line": 18,
          "column": 30
        }
      },
      "2": {
        "start": {
          "line": 22,
          "column": 4
        },
        "end": {
          "line": 22,
          "column": 42
        }
      },
      "3": {
        "start": {
          "line": 26,
          "column": 4
        },
        "end": {
          "line": 45,
          "column": 6
        }
      },
      "4": {
        "start": {
          "line": 32,
          "column": 27
        },
        "end": {
          "line": 32,
          "column": 61
        }
      },
      "5": {
        "start": {
          "line": 35,
          "column": 29
        },
        "end": {
          "line": 35,
          "column": 63
        }
      }
    },
    "fnMap": {
      "0": {
        "name": "(anonymous_0)",
        "decl": {
          "start": {
            "line": 17,
            "column": 2
          },
          "end": {
            "line": 17,
            "column": 3
          }
        },
        "loc": {
          "start": {
            "line": 17,
            "column": 48
          },
          "end": {
            "line": 19,
            "column": 3
          }
        },
        "line": 17
      },
      "1": {
        "name": "(anonymous_1)",
        "decl": {
          "start": {
            "line": 21,
            "column": 2
          },
          "end": {
            "line": 21,
            "column": 3
          }
        },
        "loc": {
          "start": {
            "line": 21,
            "column": 56
          },
          "end": {
            "line": 23,
            "column": 3
          }
        },
        "line": 21
      },
      "2": {
        "name": "(anonymous_2)",
        "decl": {
          "start": {
            "line": 25,
            "column": 2
          },
          "end": {
            "line": 25,
            "column": 3
          }
        },
        "loc": {
          "start": {
            "line": 25,
            "column": 11
          },
          "end": {
            "line": 46,
            "column": 3
          }
        },
        "line": 25
      },
      "3": {
        "name": "(anonymous_3)",
        "decl": {
          "start": {
            "line": 32,
            "column": 21
          },
          "end": {
            "line": 32,
            "column": 22
          }
        },
        "loc": {
          "start": {
            "line": 32,
            "column": 27
          },
          "end": {
            "line": 32,
            "column": 61
          }
        },
        "line": 32
      },
      "4": {
        "name": "(anonymous_4)",
        "decl": {
          "start": {
            "line": 35,
            "column": 23
          },
          "end": {
            "line": 35,
            "column": 24
          }
        },
        "loc": {
          "start": {
            "line": 35,
            "column": 29
          },
          "end": {
            "line": 35,
            "column": 63
          }
        },
        "line": 35
      }
    },
    "branchMap": {
      "0": {
        "loc": {
          "start": {
            "line": 28,
            "column": 9
          },
          "end": {
            "line": 42,
            "column": 9
          }
        },
        "type": "binary-expr",
        "locations": [
          {
            "start": {
              "line": 28,
              "column": 9
            },
            "end": {
              "line": 28,
              "column": 28
            }
          },
          {
            "start": {
              "line": 29,
              "column": 10
            },
            "end": {
              "line": 41,
              "column": 21
            }
          }
        ],
        "line": 28
      }
    },
    "s": {
      "0": 4,
      "1": 0,
      "2": 0,
      "3": 10,
      "4": 0,
      "5": 0
    },
    "f": {
      "0": 0,
      "1": 0,
      "2": 10,
      "3": 0,
      "4": 0
    },
    "b": {
      "0": [10, 0]
    },
    "_coverageSchema": "1a1c01bbd47fc00a2c39e90264f33305004495a9",
    "hash": "41eb5eac98a3e07b5e2414411310ad4ac243bf72"
  },
  "/Users/alberto/Repositories/bloom-frontend/components/layout/Footer.tsx": {
    "path": "/Users/alberto/Repositories/bloom-frontend/components/layout/Footer.tsx",
    "statementMap": {
      "0": {
        "start": {
          "line": 25,
          "column": 2
        },
        "end": {
          "line": 40,
          "column": 3
        }
      },
      "1": {
        "start": {
          "line": 26,
          "column": 4
        },
        "end": {
          "line": 29,
          "column": 6
        }
      },
      "2": {
        "start": {
          "line": 30,
          "column": 9
        },
        "end": {
          "line": 40,
          "column": 3
        }
      },
      "3": {
        "start": {
          "line": 32,
          "column": 4
        },
        "end": {
          "line": 36,
          "column": 6
        }
      },
      "4": {
        "start": {
          "line": 39,
          "column": 4
        },
        "end": {
          "line": 39,
          "column": 67
        }
      },
      "5": {
        "start": {
          "line": 43,
          "column": 29
        },
        "end": {
          "line": 46,
          "column": 10
        }
      },
      "6": {
        "start": {
          "line": 48,
          "column": 30
        },
        "end": {
          "line": 51,
          "column": 10
        }
      },
      "7": {
        "start": {
          "line": 53,
          "column": 27
        },
        "end": {
          "line": 58,
          "column": 10
        }
      },
      "8": {
        "start": {
          "line": 60,
          "column": 31
        },
        "end": {
          "line": 67,
          "column": 10
        }
      },
      "9": {
        "start": {
          "line": 69,
          "column": 30
        },
        "end": {
          "line": 74,
          "column": 10
        }
      },
      "10": {
        "start": {
          "line": 76,
          "column": 30
        },
        "end": {
          "line": 81,
          "column": 10
        }
      },
      "11": {
        "start": {
          "line": 83,
          "column": 35
        },
        "end": {
          "line": 88,
          "column": 10
        }
      },
      "12": {
        "start": {
          "line": 90,
          "column": 15
        },
        "end": {
          "line": 338,
          "column": 1
        }
      },
      "13": {
        "start": {
          "line": 91,
          "column": 13
        },
        "end": {
          "line": 91,
          "column": 38
        }
      },
      "14": {
        "start": {
          "line": 92,
          "column": 44
        },
        "end": {
          "line": 92,
          "column": 63
        }
      },
      "15": {
        "start": {
          "line": 93,
          "column": 34
        },
        "end": {
          "line": 93,
          "column": 64
        }
      },
      "16": {
        "start": {
          "line": 94,
          "column": 17
        },
        "end": {
          "line": 94,
          "column": 28
        }
      },
      "17": {
        "start": {
          "line": 96,
          "column": 24
        },
        "end": {
          "line": 96,
          "column": 73
        }
      },
      "18": {
        "start": {
          "line": 96,
          "column": 52
        },
        "end": {
          "line": 96,
          "column": 72
        }
      },
      "19": {
        "start": {
          "line": 97,
          "column": 26
        },
        "end": {
          "line": 97,
          "column": 76
        }
      },
      "20": {
        "start": {
          "line": 97,
          "column": 54
        },
        "end": {
          "line": 97,
          "column": 75
        }
      },
      "21": {
        "start": {
          "line": 98,
          "column": 23
        },
        "end": {
          "line": 98,
          "column": 70
        }
      },
      "22": {
        "start": {
          "line": 98,
          "column": 51
        },
        "end": {
          "line": 98,
          "column": 69
        }
      },
      "23": {
        "start": {
          "line": 100,
          "column": 27
        },
        "end": {
          "line": 105,
          "column": 3
        }
      },
      "24": {
        "start": {
          "line": 101,
          "column": 4
        },
        "end": {
          "line": 104,
          "column": 5
        }
      },
      "25": {
        "start": {
          "line": 101,
          "column": 34
        },
        "end": {
          "line": 101,
          "column": 84
        }
      },
      "26": {
        "start": {
          "line": 102,
          "column": 35
        },
        "end": {
          "line": 102,
          "column": 65
        }
      },
      "27": {
        "start": {
          "line": 103,
          "column": 6
        },
        "end": {
          "line": 103,
          "column": 72
        }
      },
      "28": {
        "start": {
          "line": 103,
          "column": 32
        },
        "end": {
          "line": 103,
          "column": 72
        }
      },
      "29": {
        "start": {
          "line": 107,
          "column": 2
        },
        "end": {
          "line": 137,
          "column": 61
        }
      },
      "30": {
        "start": {
          "line": 108,
          "column": 4
        },
        "end": {
          "line": 108,
          "column": 85
        }
      },
      "31": {
        "start": {
          "line": 109,
          "column": 41
        },
        "end": {
          "line": 109,
          "column": 88
        }
      },
      "32": {
        "start": {
          "line": 111,
          "column": 4
        },
        "end": {
          "line": 113,
          "column": 5
        }
      },
      "33": {
        "start": {
          "line": 112,
          "column": 6
        },
        "end": {
          "line": 112,
          "column": 64
        }
      },
      "34": {
        "start": {
          "line": 115,
          "column": 4
        },
        "end": {
          "line": 117,
          "column": 7
        }
      },
      "35": {
        "start": {
          "line": 116,
          "column": 6
        },
        "end": {
          "line": 116,
          "column": 65
        }
      },
      "36": {
        "start": {
          "line": 119,
          "column": 24
        },
        "end": {
          "line": 119,
          "column": 36
        }
      },
      "37": {
        "start": {
          "line": 121,
          "column": 4
        },
        "end": {
          "line": 123,
          "column": 5
        }
      },
      "38": {
        "start": {
          "line": 122,
          "column": 6
        },
        "end": {
          "line": 122,
          "column": 51
        }
      },
      "39": {
        "start": {
          "line": 125,
          "column": 4
        },
        "end": {
          "line": 128,
          "column": 5
        }
      },
      "40": {
        "start": {
          "line": 126,
          "column": 26
        },
        "end": {
          "line": 126,
          "column": 67
        }
      },
      "41": {
        "start": {
          "line": 127,
          "column": 6
        },
        "end": {
          "line": 127,
          "column": 50
        }
      },
      "42": {
        "start": {
          "line": 130,
          "column": 28
        },
        "end": {
          "line": 130,
          "column": 74
        }
      },
      "43": {
        "start": {
          "line": 132,
          "column": 4
        },
        "end": {
          "line": 134,
          "column": 5
        }
      },
      "44": {
        "start": {
          "line": 133,
          "column": 6
        },
        "end": {
          "line": 133,
          "column": 54
        }
      },
      "45": {
        "start": {
          "line": 136,
          "column": 4
        },
        "end": {
          "line": 136,
          "column": 30
        }
      },
      "46": {
        "start": {
          "line": 139,
          "column": 2
        },
        "end": {
          "line": 337,
          "column": 4
        }
      },
      "47": {
        "start": {
          "line": 159,
          "column": 18
        },
        "end": {
          "line": 161,
          "column": 25
        }
      },
      "48": {
        "start": {
          "line": 177,
          "column": 16
        },
        "end": {
          "line": 177,
          "column": 93
        }
      },
      "49": {
        "start": {
          "line": 179,
          "column": 14
        },
        "end": {
          "line": 300,
          "column": 16
        }
      },
      "50": {
        "start": {
          "line": 200,
          "column": 40
        },
        "end": {
          "line": 200,
          "column": 55
        }
      },
      "51": {
        "start": {
          "line": 213,
          "column": 26
        },
        "end": {
          "line": 216,
          "column": 28
        }
      },
      "52": {
        "start": {
          "line": 228,
          "column": 26
        },
        "end": {
          "line": 231,
          "column": 28
        }
      },
      "53": {
        "start": {
          "line": 243,
          "column": 26
        },
        "end": {
          "line": 243,
          "column": 100
        }
      },
      "54": {
        "start": {
          "line": 255,
          "column": 26
        },
        "end": {
          "line": 255,
          "column": 100
        }
      },
      "55": {
        "start": {
          "line": 267,
          "column": 26
        },
        "end": {
          "line": 270,
          "column": 28
        }
      },
      "56": {
        "start": {
          "line": 289,
          "column": 26
        },
        "end": {
          "line": 292,
          "column": 28
        }
      }
    },
    "fnMap": {
      "0": {
        "name": "getDescriptionContainerStyle",
        "decl": {
          "start": {
            "line": 24,
            "column": 9
          },
          "end": {
            "line": 24,
            "column": 37
          }
        },
        "loc": {
          "start": {
            "line": 24,
            "column": 61
          },
          "end": {
            "line": 41,
            "column": 1
          }
        },
        "line": 24
      },
      "1": {
        "name": "(anonymous_1)",
        "decl": {
          "start": {
            "line": 90,
            "column": 15
          },
          "end": {
            "line": 90,
            "column": 16
          }
        },
        "loc": {
          "start": {
            "line": 90,
            "column": 21
          },
          "end": {
            "line": 338,
            "column": 1
          }
        },
        "line": 90
      },
      "2": {
        "name": "(anonymous_2)",
        "decl": {
          "start": {
            "line": 96,
            "column": 41
          },
          "end": {
            "line": 96,
            "column": 42
          }
        },
        "loc": {
          "start": {
            "line": 96,
            "column": 52
          },
          "end": {
            "line": 96,
            "column": 72
          }
        },
        "line": 96
      },
      "3": {
        "name": "(anonymous_3)",
        "decl": {
          "start": {
            "line": 97,
            "column": 43
          },
          "end": {
            "line": 97,
            "column": 44
          }
        },
        "loc": {
          "start": {
            "line": 97,
            "column": 54
          },
          "end": {
            "line": 97,
            "column": 75
          }
        },
        "line": 97
      },
      "4": {
        "name": "(anonymous_4)",
        "decl": {
          "start": {
            "line": 98,
            "column": 40
          },
          "end": {
            "line": 98,
            "column": 41
          }
        },
        "loc": {
          "start": {
            "line": 98,
            "column": 51
          },
          "end": {
            "line": 98,
            "column": 69
          }
        },
        "line": 98
      },
      "5": {
        "name": "(anonymous_5)",
        "decl": {
          "start": {
            "line": 100,
            "column": 27
          },
          "end": {
            "line": 100,
            "column": 28
          }
        },
        "loc": {
          "start": {
            "line": 100,
            "column": 84
          },
          "end": {
            "line": 105,
            "column": 3
          }
        },
        "line": 100
      },
      "6": {
        "name": "(anonymous_6)",
        "decl": {
          "start": {
            "line": 101,
            "column": 27
          },
          "end": {
            "line": 101,
            "column": 28
          }
        },
        "loc": {
          "start": {
            "line": 101,
            "column": 34
          },
          "end": {
            "line": 101,
            "column": 84
          }
        },
        "line": 101
      },
      "7": {
        "name": "(anonymous_7)",
        "decl": {
          "start": {
            "line": 107,
            "column": 12
          },
          "end": {
            "line": 107,
            "column": 13
          }
        },
        "loc": {
          "start": {
            "line": 107,
            "column": 18
          },
          "end": {
            "line": 137,
            "column": 3
          }
        },
        "line": 107
      },
      "8": {
        "name": "(anonymous_8)",
        "decl": {
          "start": {
            "line": 115,
            "column": 28
          },
          "end": {
            "line": 115,
            "column": 29
          }
        },
        "loc": {
          "start": {
            "line": 115,
            "column": 47
          },
          "end": {
            "line": 117,
            "column": 5
          }
        },
        "line": 115
      },
      "9": {
        "name": "(anonymous_9)",
        "decl": {
          "start": {
            "line": 158,
            "column": 22
          },
          "end": {
            "line": 158,
            "column": 23
          }
        },
        "loc": {
          "start": {
            "line": 159,
            "column": 18
          },
          "end": {
            "line": 161,
            "column": 25
          }
        },
        "line": 159
      },
      "10": {
        "name": "(anonymous_10)",
        "decl": {
          "start": {
            "line": 175,
            "column": 26
          },
          "end": {
            "line": 175,
            "column": 27
          }
        },
        "loc": {
          "start": {
            "line": 175,
            "column": 39
          },
          "end": {
            "line": 301,
            "column": 13
          }
        },
        "line": 175
      },
      "11": {
        "name": "(anonymous_11)",
        "decl": {
          "start": {
            "line": 200,
            "column": 28
          },
          "end": {
            "line": 200,
            "column": 29
          }
        },
        "loc": {
          "start": {
            "line": 200,
            "column": 40
          },
          "end": {
            "line": 200,
            "column": 55
          }
        },
        "line": 200
      },
      "12": {
        "name": "(anonymous_12)",
        "decl": {
          "start": {
[...]
          }
        },
        "line": 29
      },
      "1": {
        "name": "(anonymous_1)",
        "decl": {
          "start": {
            "line": 31,
            "column": 43
          },
          "end": {
            "line": 31,
            "column": 44
          }
        },
        "loc": {
          "start": {
            "line": 31,
            "column": 54
          },
          "end": {
            "line": 31,
            "column": 75
          }
        },
        "line": 31
      },
      "2": {
        "name": "(anonymous_2)",
        "decl": {
          "start": {
            "line": 32,
            "column": 40
          },
          "end": {
            "line": 32,
            "column": 41
          }
        },
        "loc": {
          "start": {
            "line": 32,
            "column": 51
          },
          "end": {
            "line": 32,
            "column": 69
          }
        },
        "line": 32
      }
    },
    "branchMap": {
      "0": {
        "loc": {
          "start": {
            "line": 33,
            "column": 23
          },
          "end": {
            "line": 33,
            "column": 71
          }
        },
        "type": "binary-expr",
        "locations": [
          {
            "start": {
              "line": 33,
              "column": 23
            },
            "end": {
              "line": 33,
              "column": 51
            }
          },
          {
            "start": {
              "line": 33,
              "column": 55
            },
            "end": {
              "line": 33,
              "column": 71
            }
          }
        ],
        "line": 33
      },
      "1": {
        "loc": {
          "start": {
            "line": 60,
            "column": 11
          },
          "end": {
            "line": 60,
            "column": 57
          }
        },
        "type": "binary-expr",
        "locations": [
          {
            "start": {
              "line": 60,
              "column": 11
            },
            "end": {
              "line": 60,
              "column": 23
            }
          },
          {
            "start": {
              "line": 60,
              "column": 27
            },
            "end": {
              "line": 60,
              "column": 57
            }
          }
        ],
        "line": 60
      }
    },
    "s": {
      "0": 1,
      "1": 1,
      "2": 1,
      "3": 2,
      "4": 2,
      "5": 9,
      "6": 2,
      "7": 9,
      "8": 2,
      "9": 2,
      "10": 2
    },
    "f": {
      "0": 2,
      "1": 9,
      "2": 9
    },
    "b": {
      "0": [2, 2],
      "1": [2, 2]
    },
    "_coverageSchema": "1a1c01bbd47fc00a2c39e90264f33305004495a9",
    "hash": "0d71469b31e524275e0d93aa9246c84cc6b9f503"
  },
  "/Users/alberto/Repositories/bloom-frontend/pages/api/exit-preview.ts": {
    "path": "/Users/alberto/Repositories/bloom-frontend/pages/api/exit-preview.ts",
    "statementMap": {},
    "fnMap": {},
    "branchMap": {},
    "s": {},
    "f": {},
    "b": {}
  },
  "/Users/alberto/Repositories/bloom-frontend/pages/api/hello.ts": {
    "path": "/Users/alberto/Repositories/bloom-frontend/pages/api/hello.ts",
    "statementMap": {},
    "fnMap": {},
    "branchMap": {},
    "s": {},
    "f": {},
    "b": {}
  },
  "/Users/alberto/Repositories/bloom-frontend/pages/api/preview.ts": {
    "path": "/Users/alberto/Repositories/bloom-frontend/pages/api/preview.ts",
    "statementMap": {},
    "fnMap": {},
    "branchMap": {},
    "s": {},
    "f": {},
    "b": {}
  },
  "/Users/alberto/Repositories/bloom-frontend/pages/404.tsx": {
    "path": "/Users/alberto/Repositories/bloom-frontend/pages/404.tsx",
    "statementMap": {},
    "fnMap": {},
    "branchMap": {},
    "s": {},
    "f": {},
    "b": {}
  },
  "/Users/alberto/Repositories/bloom-frontend/pages/500.tsx": {
    "path": "/Users/alberto/Repositories/bloom-frontend/pages/500.tsx",
    "statementMap": {},
    "fnMap": {},
    "branchMap": {},
    "s": {},
    "f": {},
    "b": {}
  },
  "/Users/alberto/Repositories/bloom-frontend/pages/[slug].tsx": {
    "path": "/Users/alberto/Repositories/bloom-frontend/pages/[slug].tsx",
    "statementMap": {},
    "fnMap": {},
    "branchMap": {},
    "s": {},
    "f": {},
    "b": {}
  },
  "/Users/alberto/Repositories/bloom-frontend/pages/_document.tsx": {
    "path": "/Users/alberto/Repositories/bloom-frontend/pages/_document.tsx",
    "statementMap": {},
    "fnMap": {},
    "branchMap": {},
    "s": {},
    "f": {},
    "b": {}
  },
  "/Users/alberto/Repositories/bloom-frontend/pages/about-our-courses.tsx": {
    "path": "/Users/alberto/Repositories/bloom-frontend/pages/about-our-courses.tsx",
    "statementMap": {},
    "fnMap": {},
    "branchMap": {},
    "s": {},
    "f": {},
    "b": {}
  },
  "/Users/alberto/Repositories/bloom-frontend/pages/action-handler.tsx": {
    "path": "/Users/alberto/Repositories/bloom-frontend/pages/action-handler.tsx",
    "statementMap": {},
    "fnMap": {},
    "branchMap": {},
    "s": {},
    "f": {},
    "b": {}
  },
  "/Users/alberto/Repositories/bloom-frontend/pages/chat.tsx": {
    "path": "/Users/alberto/Repositories/bloom-frontend/pages/chat.tsx",
    "statementMap": {},
    "fnMap": {},
    "branchMap": {},
    "s": {},
    "f": {},
    "b": {}
  },
  "/Users/alberto/Repositories/bloom-frontend/pages/maintenance.tsx": {
    "path": "/Users/alberto/Repositories/bloom-frontend/pages/maintenance.tsx",
    "statementMap": {},
    "fnMap": {},
    "branchMap": {},
    "s": {},
    "f": {},
    "b": {}
  },
  "/Users/alberto/Repositories/bloom-frontend/pages/meet-the-team.tsx": {
    "path": "/Users/alberto/Repositories/bloom-frontend/pages/meet-the-team.tsx",
    "statementMap": {},
    "fnMap": {},
    "branchMap": {},
    "s": {},
    "f": {},
    "b": {}
  },
  "/Users/alberto/Repositories/bloom-frontend/pages/sitemap.xml.tsx": {
    "path": "/Users/alberto/Repositories/bloom-frontend/pages/sitemap.xml.tsx",
    "statementMap": {},
    "fnMap": {},
    "branchMap": {},
    "s": {},
    "f": {},
    "b": {}
  },
  "/Users/alberto/Repositories/bloom-frontend/pages/account/about-you.tsx": {
    "path": "/Users/alberto/Repositories/bloom-frontend/pages/account/about-you.tsx",
    "statementMap": {},
    "fnMap": {},
    "branchMap": {},
    "s": {},
    "f": {},
    "b": {}
  },
  "/Users/alberto/Repositories/bloom-frontend/pages/account/apply-a-code.tsx": {
    "path": "/Users/alberto/Repositories/bloom-frontend/pages/account/apply-a-code.tsx",
    "statementMap": {},
    "fnMap": {},
    "branchMap": {},
    "s": {},
    "f": {},
    "b": {}
  },
  "/Users/alberto/Repositories/bloom-frontend/pages/account/disable-service-emails.tsx": {
    "path": "/Users/alberto/Repositories/bloom-frontend/pages/account/disable-service-emails.tsx",
    "statementMap": {},
    "fnMap": {},
    "branchMap": {},
    "s": {},
    "f": {},
    "b": {}
  },
  "/Users/alberto/Repositories/bloom-frontend/pages/admin/dashboard.tsx": {
    "path": "/Users/alberto/Repositories/bloom-frontend/pages/admin/dashboard.tsx",
    "statementMap": {},
    "fnMap": {},
    "branchMap": {},
    "s": {},
    "f": {},
    "b": {}
  },
  "/Users/alberto/Repositories/bloom-frontend/pages/auth/login.tsx": {
    "path": "/Users/alberto/Repositories/bloom-frontend/pages/auth/login.tsx",
    "statementMap": {},
    "fnMap": {},
    "branchMap": {},
    "s": {},
    "f": {},
    "b": {}
  },
  "/Users/alberto/Repositories/bloom-frontend/pages/auth/register.tsx": {
    "path": "/Users/alberto/Repositories/bloom-frontend/pages/auth/register.tsx",
    "statementMap": {},
    "fnMap": {},
    "branchMap": {},
    "s": {},
    "f": {},
    "b": {}
  },
  "/Users/alberto/Repositories/bloom-frontend/pages/auth/reset-password.tsx": {
    "path": "/Users/alberto/Repositories/bloom-frontend/pages/auth/reset-password.tsx",
    "statementMap": {},
    "fnMap": {},
    "branchMap": {},
    "s": {},
    "f": {},
    "b": {}
  },
  "/Users/alberto/Repositories/bloom-frontend/pages/courses/[slug].tsx": {
    "path": "/Users/alberto/Repositories/bloom-frontend/pages/courses/[slug].tsx",
    "statementMap": {},
    "fnMap": {},
    "branchMap": {},
    "s": {},
    "f": {},
    "b": {}
  },
  "/Users/alberto/Repositories/bloom-frontend/pages/courses/index.tsx": {
    "path": "/Users/alberto/Repositories/bloom-frontend/pages/courses/index.tsx",
    "statementMap": {},
    "fnMap": {},
    "branchMap": {},
    "s": {},
    "f": {},
    "b": {}
  },
  "/Users/alberto/Repositories/bloom-frontend/pages/partner-admin/create-access-code.tsx": {
    "path": "/Users/alberto/Repositories/bloom-frontend/pages/partner-admin/create-access-code.tsx",
    "statementMap": {},
    "fnMap": {},
    "branchMap": {},
    "s": {},
    "f": {},
    "b": {}
  },
  "/Users/alberto/Repositories/bloom-frontend/pages/partnership/[partnerName].tsx": {
    "path": "/Users/alberto/Repositories/bloom-frontend/pages/partnership/[partnerName].tsx",
    "statementMap": {},
    "fnMap": {},
    "branchMap": {},
    "s": {},
    "f": {},
    "b": {}
  },
  "/Users/alberto/Repositories/bloom-frontend/pages/subscription/whatsapp.tsx": {
    "path": "/Users/alberto/Repositories/bloom-frontend/pages/subscription/whatsapp.tsx",
    "statementMap": {},
    "fnMap": {},
    "branchMap": {},
    "s": {},
    "f": {},
    "b": {}
  },
  "/Users/alberto/Repositories/bloom-frontend/pages/therapy/book-session.tsx": {
    "path": "/Users/alberto/Repositories/bloom-frontend/pages/therapy/book-session.tsx",
    "statementMap": {},
    "fnMap": {},
    "branchMap": {},
    "s": {},
    "f": {},
    "b": {}
  },
  "/Users/alberto/Repositories/bloom-frontend/pages/therapy/confirmed-session.tsx": {
    "path": "/Users/alberto/Repositories/bloom-frontend/pages/therapy/confirmed-session.tsx",
    "statementMap": {},
    "fnMap": {},
    "branchMap": {},
    "s": {},
    "f": {},
    "b": {}
  },
  "/Users/alberto/Repositories/bloom-frontend/pages/welcome/[partnerName].tsx": {
    "path": "/Users/alberto/Repositories/bloom-frontend/pages/welcome/[partnerName].tsx",
    "statementMap": {},
    "fnMap": {},
    "branchMap": {},
    "s": {},
    "f": {},
    "b": {}
  },
  "/Users/alberto/Repositories/bloom-frontend/pages/courses/[slug]/[sessionSlug].tsx": {
    "path": "/Users/alberto/Repositories/bloom-frontend/pages/courses/[slug]/[sessionSlug].tsx",
    "statementMap": {},
    "fnMap": {},
    "branchMap": {},
    "s": {},
    "f": {},
    "b": {}
  },
  "/Users/alberto/Repositories/bloom-frontend/pages/courses/image-based-abuse-and-rebuilding-ourselves/[sessionSlug].tsx": {
    "path": "/Users/alberto/Repositories/bloom-frontend/pages/courses/image-based-abuse-and-rebuilding-ourselves/[sessionSlug].tsx",
    "statementMap": {},
    "fnMap": {},
    "branchMap": {},
    "s": {},
    "f": {},
    "b": {}
  },
  "/Users/alberto/Repositories/bloom-frontend/pages/courses/image-based-abuse-and-rebuilding-ourselves/index.tsx": {
    "path": "/Users/alberto/Repositories/bloom-frontend/pages/courses/image-based-abuse-and-rebuilding-ourselves/index.tsx",
    "statementMap": {},
    "fnMap": {},
    "branchMap": {},
    "s": {},
    "f": {},
    "b": {}
  },
  "/Users/alberto/Repositories/bloom-frontend/components/storyblok/StoryblokTypes.d.ts": {
    "path": "/Users/alberto/Repositories/bloom-frontend/components/storyblok/StoryblokTypes.d.ts",
    "statementMap": {},
    "fnMap": {},
    "branchMap": {},
    "s": {},
    "f": {},
    "b": {}
  },
  "/Users/alberto/Repositories/bloom-frontend/components/crisp/utils/createCrispProfileData.test.ts": {
    "path": "/Users/alberto/Repositories/bloom-frontend/components/crisp/utils/createCrispProfileData.test.ts",
    "statementMap": {},
    "fnMap": {},
    "branchMap": {},
    "s": {},
    "f": {},
    "b": {}
  },
  "/Users/alberto/Repositories/bloom-frontend/components/banner/EmailRemindersSettingsBanner.tsx": {
    "path": "/Users/alberto/Repositories/bloom-frontend/components/banner/EmailRemindersSettingsBanner.tsx",
    "statementMap": {},
    "fnMap": {},
    "branchMap": {},
    "s": {},
    "f": {},
    "b": {}
  },
  "/Users/alberto/Repositories/bloom-frontend/components/banner/MaintenanceBanner.tsx": {
    "path": "/Users/alberto/Repositories/bloom-frontend/components/banner/MaintenanceBanner.tsx",
    "statementMap": {},
    "fnMap": {},
    "branchMap": {},
    "s": {},
    "f": {},
    "b": {}
  },
  "/Users/alberto/Repositories/bloom-frontend/components/cards/CourseCard.tsx": {
    "path": "/Users/alberto/Repositories/bloom-frontend/components/cards/CourseCard.tsx",
    "statementMap": {},
    "fnMap": {},
    "branchMap": {},
    "s": {},
    "f": {},
    "b": {}
  },
  "/Users/alberto/Repositories/bloom-frontend/components/cards/SessionFeedbackCard.tsx": {
    "path": "/Users/alberto/Repositories/bloom-frontend/components/cards/SessionFeedbackCard.tsx",
    "statementMap": {},
    "fnMap": {},
    "branchMap": {},
    "s": {},
    "f": {},
    "b": {}
  },
  "/Users/alberto/Repositories/bloom-frontend/components/common/Faqs.tsx": {
    "path": "/Users/alberto/Repositories/bloom-frontend/components/common/Faqs.tsx",
    "statementMap": {},
    "fnMap": {},
    "branchMap": {},
    "s": {},
    "f": {},
    "b": {}
  },
  "/Users/alberto/Repositories/bloom-frontend/components/common/ImageTextColumn.tsx": {
    "path": "/Users/alberto/Repositories/bloom-frontend/components/common/ImageTextColumn.tsx",
    "statementMap": {},
    "fnMap": {},
    "branchMap": {},
    "s": {},
    "f": {},
    "b": {}
  },
  "/Users/alberto/Repositories/bloom-frontend/components/common/ImageTextGrid.tsx": {
    "path": "/Users/alberto/Repositories/bloom-frontend/components/common/ImageTextGrid.tsx",
    "statementMap": {},
    "fnMap": {},
    "branchMap": {},
    "s": {},
    "f": {},
    "b": {}
  },
  "/Users/alberto/Repositories/bloom-frontend/components/forms/AboutYouDemographicForm.tsx": {
    "path": "/Users/alberto/Repositories/bloom-frontend/components/forms/AboutYouDemographicForm.tsx",
    "statementMap": {},
    "fnMap": {},
    "branchMap": {},
    "s": {},
    "f": {},
    "b": {}
  },
  "/Users/alberto/Repositories/bloom-frontend/components/forms/AboutYouSetAForm.tsx": {
    "path": "/Users/alberto/Repositories/bloom-frontend/components/forms/AboutYouSetAForm.tsx",
    "statementMap": {},
    "fnMap": {},
    "branchMap": {},
    "s": {},
    "f": {},
    "b": {}
  },
  "/Users/alberto/Repositories/bloom-frontend/components/forms/ApplyCodeForm.tsx": {
    "path": "/Users/alberto/Repositories/bloom-frontend/components/forms/ApplyCodeForm.tsx",
    "statementMap": {},
    "fnMap": {},
    "branchMap": {},
    "s": {},
    "f": {},
    "b": {}
  },
  "/Users/alberto/Repositories/bloom-frontend/components/forms/CreateAccessCodeForm.tsx": {
    "path": "/Users/alberto/Repositories/bloom-frontend/components/forms/CreateAccessCodeForm.tsx",
    "statementMap": {},
    "fnMap": {},
    "branchMap": {},
    "s": {},
    "f": {},
    "b": {}
  },
  "/Users/alberto/Repositories/bloom-frontend/components/forms/CreatePartnerAdminForm.tsx": {
    "path": "/Users/alberto/Repositories/bloom-frontend/components/forms/CreatePartnerAdminForm.tsx",
    "statementMap": {},
    "fnMap": {},
    "branchMap": {},
    "s": {},
    "f": {},
    "b": {}
  },
  "/Users/alberto/Repositories/bloom-frontend/components/forms/LoginForm.tsx": {
    "path": "/Users/alberto/Repositories/bloom-frontend/components/forms/LoginForm.tsx",
    "statementMap": {},
    "fnMap": {},
    "branchMap": {},
    "s": {},
    "f": {},
    "b": {}
  },
  "/Users/alberto/Repositories/bloom-frontend/components/forms/PhoneInput.tsx": {
    "path": "/Users/alberto/Repositories/bloom-frontend/components/forms/PhoneInput.tsx",
    "statementMap": {},
    "fnMap": {},
    "branchMap": {},
    "s": {},
    "f": {},
    "b": {}
  },
  "/Users/alberto/Repositories/bloom-frontend/components/forms/RateSessionForm.tsx": {
    "path": "/Users/alberto/Repositories/bloom-frontend/components/forms/RateSessionForm.tsx",
    "statementMap": {},
    "fnMap": {},
    "branchMap": {},
    "s": {},
    "f": {},
    "b": {}
  },
  "/Users/alberto/Repositories/bloom-frontend/components/forms/RegisterForm.tsx": {
    "path": "/Users/alberto/Repositories/bloom-frontend/components/forms/RegisterForm.tsx",
    "statementMap": {},
    "fnMap": {},
    "branchMap": {},
    "s": {},
    "f": {},
    "b": {}
  },
  "/Users/alberto/Repositories/bloom-frontend/components/forms/ResetPasswordForm.tsx": {
    "path": "/Users/alberto/Repositories/bloom-frontend/components/forms/ResetPasswordForm.tsx",
    "statementMap": {},
    "fnMap": {},
    "branchMap": {},
    "s": {},
    "f": {},
    "b": {}
  },
  "/Users/alberto/Repositories/bloom-frontend/components/forms/UpdatePartnerAdminForm.tsx": {
    "path": "/Users/alberto/Repositories/bloom-frontend/components/forms/UpdatePartnerAdminForm.tsx",
    "statementMap": {},
    "fnMap": {},
    "branchMap": {},
    "s": {},
    "f": {},
    "b": {}
  },
  "/Users/alberto/Repositories/bloom-frontend/components/forms/UpdateTherapyAdminForm.tsx": {
    "path": "/Users/alberto/Repositories/bloom-frontend/components/forms/UpdateTherapyAdminForm.tsx",
    "statementMap": {},
    "fnMap": {},
    "branchMap": {},
    "s": {},
    "f": {},
    "b": {}
  },
  "/Users/alberto/Repositories/bloom-frontend/components/forms/WhatsappSubscribeForm.tsx": {
    "path": "/Users/alberto/Repositories/bloom-frontend/components/forms/WhatsappSubscribeForm.tsx",
    "statementMap": {},
    "fnMap": {},
    "branchMap": {},
    "s": {},
    "f": {},
    "b": {}
  },
  "/Users/alberto/Repositories/bloom-frontend/components/forms/WhatsappUnsubscribeForm.tsx": {
    "path": "/Users/alberto/Repositories/bloom-frontend/components/forms/WhatsappUnsubscribeForm.tsx",
    "statementMap": {},
    "fnMap": {},
    "branchMap": {},
    "s": {},
    "f": {},
    "b": {}
  },
  "/Users/alberto/Repositories/bloom-frontend/components/head/GoogleTagManagerScript.tsx": {
    "path": "/Users/alberto/Repositories/bloom-frontend/components/head/GoogleTagManagerScript.tsx",
    "statementMap": {},
    "fnMap": {},
    "branchMap": {},
    "s": {},
    "f": {},
    "b": {}
  },
  "/Users/alberto/Repositories/bloom-frontend/components/head/OpenGraphMetadata.tsx": {
    "path": "/Users/alberto/Repositories/bloom-frontend/components/head/OpenGraphMetadata.tsx",
    "statementMap": {},
    "fnMap": {},
    "branchMap": {},
    "s": {},
    "f": {},
    "b": {}
  },
  "/Users/alberto/Repositories/bloom-frontend/components/head/RollbarScript.tsx": {
    "path": "/Users/alberto/Repositories/bloom-frontend/components/head/RollbarScript.tsx",
    "statementMap": {},
    "fnMap": {},
    "branchMap": {},
    "s": {},
    "f": {},
    "b": {}
  },
  "/Users/alberto/Repositories/bloom-frontend/components/layout/AppBarSpacer.tsx": {
    "path": "/Users/alberto/Repositories/bloom-frontend/components/layout/AppBarSpacer.tsx",
    "statementMap": {},
    "fnMap": {},
    "branchMap": {},
    "s": {},
    "f": {},
    "b": {}
  },
  "/Users/alberto/Repositories/bloom-frontend/components/layout/PartnerAdminHeader.tsx": {
    "path": "/Users/alberto/Repositories/bloom-frontend/components/layout/PartnerAdminHeader.tsx",
    "statementMap": {},
    "fnMap": {},
    "branchMap": {},
    "s": {},
    "f": {},
    "b": {}
  },
  "/Users/alberto/Repositories/bloom-frontend/components/storyblok/DynamicComponent.tsx": {
    "path": "/Users/alberto/Repositories/bloom-frontend/components/storyblok/DynamicComponent.tsx",
    "statementMap": {},
    "fnMap": {},
    "branchMap": {},
    "s": {},
    "f": {},
    "b": {}
  },
  "/Users/alberto/Repositories/bloom-frontend/components/storyblok/Placeholder.tsx": {
    "path": "/Users/alberto/Repositories/bloom-frontend/components/storyblok/Placeholder.tsx",
    "statementMap": {},
    "fnMap": {},
    "branchMap": {},
    "s": {},
    "f": {},
    "b": {}
  }
}
